<?xml version="1.0" encoding="UTF-8"?>
<testsuite xmlns:xsi="http://www.w3.org/2001/XMLSchema-instance" xsi:noNamespaceSchemaLocation="https://maven.apache.org/surefire/maven-surefire-plugin/xsd/surefire-test-report-3.0.xsd" version="3.0" name="group.vvv.services.FuncionarioServiceTest" time="0.144" tests="5" errors="0" skipped="0" failures="0">
  <properties>
[...]
</properties>
  <testcase name="testCadastrarPontoFuncionario" classname="group.vvv.services.FuncionarioServiceTest" time="0.125"/>
  <testcase name="testLogin" classname="group.vvv.services.FuncionarioServiceTest" time="0.004"/>
  <testcase name="testListarGerentes" classname="group.vvv.services.FuncionarioServiceTest" time="0.004"/>
  <testcase name="testCadastrar" classname="group.vvv.services.FuncionarioServiceTest" time="0.006"/>
  <testcase name="testAtualizarDados" classname="group.vvv.services.FuncionarioServiceTest" time="0.002"/>
</testsuite>